# JRE version: OpenJDK Runtime Environment (7.0_91-b02) (build 1.7.0_91-b02)
# Java VM: OpenJDK 64-Bit Server VM (24.91-b01 mixed mode linux-amd64 compressed oops)
Heap
 PSYoungGen      total 536064K, used 20224K [0x00000007d6d00000, 0x00000007f9700000, 0x0000000800000000)
  eden space 504832K, 0% used [0x00000007d6d00000,0x00000007d6d00000,0x00000007f5a00000)
  from space 31232K, 64% used [0x00000007f5a00000,0x00000007f6dc0000,0x00000007f7880000)
  to   space 30720K, 0% used [0x00000007f7900000,0x00000007f7900000,0x00000007f9700000)
 ParOldGen       total 83968K, used 45679K [0x0000000784800000, 0x0000000789a00000, 0x00000007d6d00000)
  object space 83968K, 54% used [0x0000000784800000,0x000000078749bc18,0x0000000789a00000)
 PSPermGen       total 21504K, used 3279K [0x000000077a200000, 0x000000077b700000, 0x0000000784800000)
  object space 21504K, 15% used [0x000000077a200000,0x000000077a533d10,0x000000077b700000)
GC Heap History (10 events):
Event: 4,576 GC heap after
Heap after GC invocations=4 (full 0):
 PSYoungGen      total 134144K, used 5120K [0x00000007d6d00000, 0x00000007df500000, 0x0000000800000000)
  eden space 129024K, 0% used [0x00000007d6d00000,0x00000007d6d00000,0x00000007deb00000)
  from space 5120K, 100% used [0x00000007df000000,0x00000007df500000,0x00000007df500000)
  to   space 5120K, 0% used [0x00000007deb00000,0x00000007deb00000,0x00000007df000000)
 ParOldGen       total 83968K, used 17430K [0x0000000784800000, 0x0000000789a00000, 0x00000007d6d00000)
  object space 83968K, 20% used [0x0000000784800000,0x0000000785905bc8,0x0000000789a00000)
 PSPermGen       total 21504K, used 3190K [0x000000077a200000, 0x000000077b700000, 0x0000000784800000)
  object space 21504K, 14% used [0x000000077a200000,0x000000077a51da70,0x000000077b700000)
}
Event: 7,495 GC heap before
{Heap before GC invocations=5 (full 0):
 PSYoungGen      total 134144K, used 134144K [0x00000007d6d00000, 0x00000007df500000, 0x0000000800000000)
  eden space 129024K, 100% used [0x00000007d6d00000,0x00000007deb00000,0x00000007deb00000)
  from space 5120K, 100% used [0x00000007df000000,0x00000007df500000,0x00000007df500000)
  to   space 5120K, 0% used [0x00000007deb00000,0x00000007deb00000,0x00000007df000000)
 ParOldGen       total 83968K, used 17430K [0x0000000784800000, 0x0000000789a00000, 0x00000007d6d00000)
  object space 83968K, 20% used [0x0000000784800000,0x0000000785905bc8,0x0000000789a00000)
 PSPermGen       total 21504K, used 3233K [0x000000077a200000, 0x000000077b700000, 0x0000000784800000)
  object space 21504K, 15% used [0x000000077a200000,0x000000077a528520,0x000000077b700000)
Event: 7,719 GC heap after
Heap after GC invocations=5 (full 0):
 PSYoungGen      total 134144K, used 5104K [0x00000007d6d00000, 0x00000007e9600000, 0x0000000800000000)
  eden space 129024K, 0% used [0x00000007d6d00000,0x00000007d6d00000,0x00000007deb00000)
  from space 5120K, 99% used [0x00000007deb00000,0x00000007deffc010,0x00000007df000000)
  to   space 23040K, 0% used [0x00000007e7f80000,0x00000007e7f80000,0x00000007e9600000)
 ParOldGen       total 83968K, used 37486K [0x0000000784800000, 0x0000000789a00000, 0x00000007d6d00000)
  object space 83968K, 44% used [0x0000000784800000,0x0000000786c9bbc8,0x0000000789a00000)
 PSPermGen       total 21504K, used 3233K [0x000000077a200000, 0x000000077b700000, 0x0000000784800000)
  object space 21504K, 15% used [0x000000077a200000,0x000000077a528520,0x000000077b700000)
}
Event: 9,774 GC heap before
{Heap before GC invocations=6 (full 0):
 PSYoungGen      total 134144K, used 134128K [0x00000007d6d00000, 0x00000007e9600000, 0x0000000800000000)
  eden space 129024K, 100% used [0x00000007d6d00000,0x00000007deb00000,0x00000007deb00000)
  from space 5120K, 99% used [0x00000007deb00000,0x00000007deffc010,0x00000007df000000)
  to   space 23040K, 0% used [0x00000007e7f80000,0x00000007e7f80000,0x00000007e9600000)
 ParOldGen       total 83968K, used 37486K [0x0000000784800000, 0x0000000789a00000, 0x00000007d6d00000)
  object space 83968K, 44% used [0x0000000784800000,0x0000000786c9bbc8,0x0000000789a00000)
 PSPermGen       total 21504K, used 3266K [0x000000077a200000, 0x000000077b700000, 0x0000000784800000)
  object space 21504K, 15% used [0x000000077a200000,0x000000077a530818,0x000000077b700000)
Event: 9,988 GC heap after
Heap after GC invocations=6 (full 0):
 PSYoungGen      total 275456K, used 23008K [0x00000007d6d00000, 0x00000007ea100000, 0x0000000800000000)
  eden space 252416K, 0% used [0x00000007d6d00000,0x00000007d6d00000,0x00000007e6380000)
  from space 23040K, 99% used [0x00000007e7f80000,0x00000007e95f8020,0x00000007e9600000)
  to   space 28672K, 0% used [0x00000007e6380000,0x00000007e6380000,0x00000007e7f80000)
 ParOldGen       total 83968K, used 39894K [0x0000000784800000, 0x0000000789a00000, 0x00000007d6d00000)
  object space 83968K, 47% used [0x0000000784800000,0x0000000786ef5bc8,0x0000000789a00000)
 PSPermGen       total 21504K, used 3266K [0x000000077a200000, 0x000000077b700000, 0x0000000784800000)
  object space 21504K, 15% used [0x000000077a200000,0x000000077a530818,0x000000077b700000)
}
Event: 14,477 GC heap before
{Heap before GC invocations=7 (full 0):
 PSYoungGen      total 275456K, used 275424K [0x00000007d6d00000, 0x00000007ea100000, 0x0000000800000000)
  eden space 252416K, 100% used [0x00000007d6d00000,0x00000007e6380000,0x00000007e6380000)
  from space 23040K, 99% used [0x00000007e7f80000,0x00000007e95f8020,0x00000007e9600000)
  to   space 28672K, 0% used [0x00000007e6380000,0x00000007e6380000,0x00000007e7f80000)
 ParOldGen       total 83968K, used 39894K [0x0000000784800000, 0x0000000789a00000, 0x00000007d6d00000)
  object space 83968K, 47% used [0x0000000784800000,0x0000000786ef5bc8,0x0000000789a00000)
 PSPermGen       total 21504K, used 3277K [0x000000077a200000, 0x000000077b700000, 0x0000000784800000)
  object space 21504K, 15% used [0x000000077a200000,0x000000077a5336f8,0x000000077b700000)
Event: 16,112 GC heap after
Heap after GC invocations=7 (full 0):
 PSYoungGen      total 281088K, used 24064K [0x00000007d6d00000, 0x00000007f9800000, 0x0000000800000000)
  eden space 252416K, 0% used [0x00000007d6d00000,0x00000007d6d00000,0x00000007e6380000)
  from space 28672K, 83% used [0x00000007e6380000,0x00000007e7b00000,0x00000007e7f80000)
  to   space 31744K, 0% used [0x00000007f7900000,0x00000007f7900000,0x00000007f9800000)
 ParOldGen       total 83968K, used 40183K [0x0000000784800000, 0x0000000789a00000, 0x00000007d6d00000)
  object space 83968K, 47% used [0x0000000784800000,0x0000000786f3dc18,0x0000000789a00000)
 PSPermGen       total 21504K, used 3277K [0x000000077a200000, 0x000000077b700000, 0x0000000784800000)
  object space 21504K, 15% used [0x000000077a200000,0x000000077a5336f8,0x000000077b700000)
}
Event: 18,422 GC heap before
{Heap before GC invocations=8 (full 0):
 PSYoungGen      total 281088K, used 276480K [0x00000007d6d00000, 0x00000007f9800000, 0x0000000800000000)
  eden space 252416K, 100% used [0x00000007d6d00000,0x00000007e6380000,0x00000007e6380000)
  from space 28672K, 83% used [0x00000007e6380000,0x00000007e7b00000,0x00000007e7f80000)
  to   space 31744K, 0% used [0x00000007f7900000,0x00000007f7900000,0x00000007f9800000)
 ParOldGen       total 83968K, used 40183K [0x0000000784800000, 0x0000000789a00000, 0x00000007d6d00000)
  object space 83968K, 47% used [0x0000000784800000,0x0000000786f3dc18,0x0000000789a00000)
 PSPermGen       total 21504K, used 3277K [0x000000077a200000, 0x000000077b700000, 0x0000000784800000)
  object space 21504K, 15% used [0x000000077a200000,0x000000077a5336f8,0x000000077b700000)
Event: 18,599 GC heap after
Heap after GC invocations=8 (full 0):
 PSYoungGen      total 535552K, used 19136K [0x00000007d6d00000, 0x00000007f9700000, 0x0000000800000000)
  eden space 504832K, 0% used [0x00000007d6d00000,0x00000007d6d00000,0x00000007f5a00000)
  from space 30720K, 62% used [0x00000007f7900000,0x00000007f8bb0000,0x00000007f9700000)
  to   space 31232K, 0% used [0x00000007f5a00000,0x00000007f5a00000,0x00000007f7880000)
 ParOldGen       total 83968K, used 44191K [0x0000000784800000, 0x0000000789a00000, 0x00000007d6d00000)
  object space 83968K, 52% used [0x0000000784800000,0x0000000787327c18,0x0000000789a00000)
 PSPermGen       total 21504K, used 3277K [0x000000077a200000, 0x000000077b700000, 0x0000000784800000)
  object space 21504K, 15% used [0x000000077a200000,0x000000077a5336f8,0x000000077b700000)
}
Event: 27,848 GC heap before
{Heap before GC invocations=9 (full 0):
 PSYoungGen      total 535552K, used 523968K [0x00000007d6d00000, 0x00000007f9700000, 0x0000000800000000)
  eden space 504832K, 100% used [0x00000007d6d00000,0x00000007f5a00000,0x00000007f5a00000)
  from space 30720K, 62% used [0x00000007f7900000,0x00000007f8bb0000,0x00000007f9700000)
  to   space 31232K, 0% used [0x00000007f5a00000,0x00000007f5a00000,0x00000007f7880000)
 ParOldGen       total 83968K, used 44191K [0x0000000784800000, 0x0000000789a00000, 0x00000007d6d00000)
  object space 83968K, 52% used [0x0000000784800000,0x0000000787327c18,0x0000000789a00000)
 PSPermGen       total 21504K, used 3279K [0x000000077a200000, 0x000000077b700000, 0x0000000784800000)
  object space 21504K, 15% used [0x000000077a200000,0x000000077a533d10,0x000000077b700000)

