# JRE version: OpenJDK Runtime Environment (7.0_91-b02) (build 1.7.0_91-b02)
# Java VM: OpenJDK 64-Bit Server VM (24.91-b01 mixed mode linux-amd64 compressed oops)
Heap
 PSYoungGen      total 414208K, used 27872K [0x00000007d6d00000, 0x00000007f1e00000, 0x0000000800000000)
  eden space 385024K, 0% used [0x00000007d6d00000,0x00000007d6d00000,0x00000007ee500000)
  from space 29184K, 95% used [0x00000007ee500000,0x00000007f0038000,0x00000007f0180000)
  to   space 28672K, 0% used [0x00000007f0200000,0x00000007f0200000,0x00000007f1e00000)
 ParOldGen       total 83968K, used 37651K [0x0000000784800000, 0x0000000789a00000, 0x00000007d6d00000)
  object space 83968K, 44% used [0x0000000784800000,0x0000000786cc4c28,0x0000000789a00000)
 PSPermGen       total 21504K, used 3279K [0x000000077a200000, 0x000000077b700000, 0x0000000784800000)
  object space 21504K, 15% used [0x000000077a200000,0x000000077a533d30,0x000000077b700000)
GC Heap History (10 events):
Event: 12,909 GC heap after
Heap after GC invocations=6 (full 0):
 PSYoungGen      total 134144K, used 12288K [0x00000007d6d00000, 0x00000007e1100000, 0x0000000800000000)
  eden space 121856K, 0% used [0x00000007d6d00000,0x00000007d6d00000,0x00000007de400000)
  from space 12288K, 100% used [0x00000007df700000,0x00000007e0300000,0x00000007e0300000)
  to   space 19456K, 0% used [0x00000007de400000,0x00000007de400000,0x00000007df700000)
 ParOldGen       total 83968K, used 27606K [0x0000000784800000, 0x0000000789a00000, 0x00000007d6d00000)
  object space 83968K, 32% used [0x0000000784800000,0x00000007862f5bc8,0x0000000789a00000)
 PSPermGen       total 21504K, used 3233K [0x000000077a200000, 0x000000077b700000, 0x0000000784800000)
  object space 21504K, 15% used [0x000000077a200000,0x000000077a528540,0x000000077b700000)
}
Event: 14,204 GC heap before
{Heap before GC invocations=7 (full 0):
 PSYoungGen      total 134144K, used 134144K [0x00000007d6d00000, 0x00000007e1100000, 0x0000000800000000)
  eden space 121856K, 100% used [0x00000007d6d00000,0x00000007de400000,0x00000007de400000)
  from space 12288K, 100% used [0x00000007df700000,0x00000007e0300000,0x00000007e0300000)
  to   space 19456K, 0% used [0x00000007de400000,0x00000007de400000,0x00000007df700000)
 ParOldGen       total 83968K, used 27606K [0x0000000784800000, 0x0000000789a00000, 0x00000007d6d00000)
  object space 83968K, 32% used [0x0000000784800000,0x00000007862f5bc8,0x0000000789a00000)
 PSPermGen       total 21504K, used 3257K [0x000000077a200000, 0x000000077b700000, 0x0000000784800000)
  object space 21504K, 15% used [0x000000077a200000,0x000000077a52e6e0,0x000000077b700000)
Event: 14,360 GC heap after
Heap after GC invocations=7 (full 0):
 PSYoungGen      total 141312K, used 19456K [0x00000007d6d00000, 0x00000007e8b00000, 0x0000000800000000)
  eden space 121856K, 0% used [0x00000007d6d00000,0x00000007d6d00000,0x00000007de400000)
  from space 19456K, 100% used [0x00000007de400000,0x00000007df700000,0x00000007df700000)
  to   space 24576K, 0% used [0x00000007e7300000,0x00000007e7300000,0x00000007e8b00000)
 ParOldGen       total 83968K, used 31395K [0x0000000784800000, 0x0000000789a00000, 0x00000007d6d00000)
  object space 83968K, 37% used [0x0000000784800000,0x00000007866a8c28,0x0000000789a00000)
 PSPermGen       total 21504K, used 3257K [0x000000077a200000, 0x000000077b700000, 0x0000000784800000)
  object space 21504K, 15% used [0x000000077a200000,0x000000077a52e6e0,0x000000077b700000)
}
Event: 15,576 GC heap before
{Heap before GC invocations=8 (full 0):
 PSYoungGen      total 141312K, used 141312K [0x00000007d6d00000, 0x00000007e8b00000, 0x0000000800000000)
  eden space 121856K, 100% used [0x00000007d6d00000,0x00000007de400000,0x00000007de400000)
  from space 19456K, 100% used [0x00000007de400000,0x00000007df700000,0x00000007df700000)
  to   space 24576K, 0% used [0x00000007e7300000,0x00000007e7300000,0x00000007e8b00000)
 ParOldGen       total 83968K, used 31395K [0x0000000784800000, 0x0000000789a00000, 0x00000007d6d00000)
  object space 83968K, 37% used [0x0000000784800000,0x00000007866a8c28,0x0000000789a00000)
 PSPermGen       total 21504K, used 3269K [0x000000077a200000, 0x000000077b700000, 0x0000000784800000)
  object space 21504K, 15% used [0x000000077a200000,0x000000077a531498,0x000000077b700000)
Event: 15,732 GC heap after
Heap after GC invocations=8 (full 0):
 PSYoungGen      total 265216K, used 22464K [0x00000007d6d00000, 0x00000007e9100000, 0x0000000800000000)
  eden space 240640K, 0% used [0x00000007d6d00000,0x00000007d6d00000,0x00000007e5800000)
  from space 24576K, 91% used [0x00000007e7300000,0x00000007e88f0000,0x00000007e8b00000)
  to   space 27648K, 0% used [0x00000007e5800000,0x00000007e5800000,0x00000007e7300000)
 ParOldGen       total 83968K, used 33155K [0x0000000784800000, 0x0000000789a00000, 0x00000007d6d00000)
  object space 83968K, 39% used [0x0000000784800000,0x0000000786860c28,0x0000000789a00000)
 PSPermGen       total 21504K, used 3269K [0x000000077a200000, 0x000000077b700000, 0x0000000784800000)
  object space 21504K, 15% used [0x000000077a200000,0x000000077a531498,0x000000077b700000)
}
Event: 18,097 GC heap before
{Heap before GC invocations=9 (full 0):
 PSYoungGen      total 265216K, used 263104K [0x00000007d6d00000, 0x00000007e9100000, 0x0000000800000000)
  eden space 240640K, 100% used [0x00000007d6d00000,0x00000007e5800000,0x00000007e5800000)
  from space 24576K, 91% used [0x00000007e7300000,0x00000007e88f0000,0x00000007e8b00000)
  to   space 27648K, 0% used [0x00000007e5800000,0x00000007e5800000,0x00000007e7300000)
 ParOldGen       total 83968K, used 33155K [0x0000000784800000, 0x0000000789a00000, 0x00000007d6d00000)
  object space 83968K, 39% used [0x0000000784800000,0x0000000786860c28,0x0000000789a00000)
 PSPermGen       total 21504K, used 3277K [0x000000077a200000, 0x000000077b700000, 0x0000000784800000)
  object space 21504K, 15% used [0x000000077a200000,0x000000077a533718,0x000000077b700000)
Event: 19,409 GC heap after
Heap after GC invocations=9 (full 0):
 PSYoungGen      total 268288K, used 22112K [0x00000007d6d00000, 0x00000007f1f00000, 0x0000000800000000)
  eden space 240640K, 0% used [0x00000007d6d00000,0x00000007d6d00000,0x00000007e5800000)
  from space 27648K, 79% used [0x00000007e5800000,0x00000007e6d98000,0x00000007e7300000)
  to   space 29696K, 0% used [0x00000007f0200000,0x00000007f0200000,0x00000007f1f00000)
 ParOldGen       total 83968K, used 35275K [0x0000000784800000, 0x0000000789a00000, 0x00000007d6d00000)
  object space 83968K, 42% used [0x0000000784800000,0x0000000786a72c28,0x0000000789a00000)
 PSPermGen       total 21504K, used 3277K [0x000000077a200000, 0x000000077b700000, 0x0000000784800000)
  object space 21504K, 15% used [0x000000077a200000,0x000000077a533718,0x000000077b700000)
}
Event: 21,868 GC heap before
{Heap before GC invocations=10 (full 0):
 PSYoungGen      total 268288K, used 262752K [0x00000007d6d00000, 0x00000007f1f00000, 0x0000000800000000)
  eden space 240640K, 100% used [0x00000007d6d00000,0x00000007e5800000,0x00000007e5800000)
  from space 27648K, 79% used [0x00000007e5800000,0x00000007e6d98000,0x00000007e7300000)
  to   space 29696K, 0% used [0x00000007f0200000,0x00000007f0200000,0x00000007f1f00000)
 ParOldGen       total 83968K, used 35275K [0x0000000784800000, 0x0000000789a00000, 0x00000007d6d00000)
  object space 83968K, 42% used [0x0000000784800000,0x0000000786a72c28,0x0000000789a00000)
 PSPermGen       total 21504K, used 3277K [0x000000077a200000, 0x000000077b700000, 0x0000000784800000)
  object space 21504K, 15% used [0x000000077a200000,0x000000077a533718,0x000000077b700000)
Event: 51,277 GC heap after
Heap after GC invocations=10 (full 0):
 PSYoungGen      total 413696K, used 18336K [0x00000007d6d00000, 0x00000007f1e00000, 0x0000000800000000)
  eden space 385024K, 0% used [0x00000007d6d00000,0x00000007d6d00000,0x00000007ee500000)
  from space 28672K, 63% used [0x00000007f0200000,0x00000007f13e8000,0x00000007f1e00000)
  to   space 29184K, 0% used [0x00000007ee500000,0x00000007ee500000,0x00000007f0180000)
 ParOldGen       total 83968K, used 37635K [0x0000000784800000, 0x0000000789a00000, 0x00000007d6d00000)
  object space 83968K, 44% used [0x0000000784800000,0x0000000786cc0c28,0x0000000789a00000)
 PSPermGen       total 21504K, used 3277K [0x000000077a200000, 0x000000077b700000, 0x0000000784800000)
  object space 21504K, 15% used [0x000000077a200000,0x000000077a533718,0x000000077b700000)
}
Event: 68,624 GC heap before
{Heap before GC invocations=11 (full 0):
 PSYoungGen      total 413696K, used 403360K [0x00000007d6d00000, 0x00000007f1e00000, 0x0000000800000000)
  eden space 385024K, 100% used [0x00000007d6d00000,0x00000007ee500000,0x00000007ee500000)
  from space 28672K, 63% used [0x00000007f0200000,0x00000007f13e8000,0x00000007f1e00000)
  to   space 29184K, 0% used [0x00000007ee500000,0x00000007ee500000,0x00000007f0180000)
 ParOldGen       total 83968K, used 37635K [0x0000000784800000, 0x0000000789a00000, 0x00000007d6d00000)
  object space 83968K, 44% used [0x0000000784800000,0x0000000786cc0c28,0x0000000789a00000)
 PSPermGen       total 21504K, used 3279K [0x000000077a200000, 0x000000077b700000, 0x0000000784800000)
  object space 21504K, 15% used [0x000000077a200000,0x000000077a533d30,0x000000077b700000)

