# JRE version: OpenJDK Runtime Environment (7.0_91-b02) (build 1.7.0_91-b02)
# Java VM: OpenJDK 64-Bit Server VM (24.91-b01 mixed mode linux-amd64 compressed oops)
Heap
 PSYoungGen      total 636928K, used 0K [0x00000007d6d00000, 0x0000000800000000, 0x0000000800000000)
  eden space 606208K, 0% used [0x00000007d6d00000,0x00000007d6d00000,0x00000007fbd00000)
  from space 30720K, 0% used [0x00000007fe200000,0x00000007fe200000,0x0000000800000000)
  to   space 34304K, 0% used [0x00000007fbd00000,0x00000007fbd00000,0x00000007fde80000)
 ParOldGen       total 89088K, used 34655K [0x0000000784800000, 0x0000000789f00000, 0x00000007d6d00000)
  object space 89088K, 38% used [0x0000000784800000,0x00000007869d7ca8,0x0000000789f00000)
 PSPermGen       total 21504K, used 3278K [0x000000077a200000, 0x000000077b700000, 0x0000000784800000)
  object space 21504K, 15% used [0x000000077a200000,0x000000077a5339f0,0x000000077b700000)
GC Heap History (10 events):
Event: 540,841 GC heap after
Heap after GC invocations=127 (full 1):
 PSYoungGen      total 641536K, used 21856K [0x00000007d6d00000, 0x00000007ffe80000, 0x0000000800000000)
  eden space 611840K, 0% used [0x00000007d6d00000,0x00000007d6d00000,0x00000007fc280000)
  from space 29696K, 73% used [0x00000007fe180000,0x00000007ff6d8000,0x00000007ffe80000)
  to   space 30720K, 0% used [0x00000007fc280000,0x00000007fc280000,0x00000007fe080000)
 ParOldGen       total 89088K, used 76654K [0x0000000784800000, 0x0000000789f00000, 0x00000007d6d00000)
  object space 89088K, 86% used [0x0000000784800000,0x00000007892dbb08,0x0000000789f00000)
 PSPermGen       total 21504K, used 3278K [0x000000077a200000, 0x000000077b700000, 0x0000000784800000)
  object space 21504K, 15% used [0x000000077a200000,0x000000077a5339f0,0x000000077b700000)
}
Event: 549,818 GC heap before
{Heap before GC invocations=128 (full 1):
 PSYoungGen      total 641536K, used 633696K [0x00000007d6d00000, 0x00000007ffe80000, 0x0000000800000000)
  eden space 611840K, 100% used [0x00000007d6d00000,0x00000007fc280000,0x00000007fc280000)
  from space 29696K, 73% used [0x00000007fe180000,0x00000007ff6d8000,0x00000007ffe80000)
  to   space 30720K, 0% used [0x00000007fc280000,0x00000007fc280000,0x00000007fe080000)
 ParOldGen       total 89088K, used 76654K [0x0000000784800000, 0x0000000789f00000, 0x00000007d6d00000)
  object space 89088K, 86% used [0x0000000784800000,0x00000007892dbb08,0x0000000789f00000)
 PSPermGen       total 21504K, used 3278K [0x000000077a200000, 0x000000077b700000, 0x0000000784800000)
  object space 21504K, 15% used [0x000000077a200000,0x000000077a5339f0,0x000000077b700000)
Event: 551,500 GC heap after
Heap after GC invocations=128 (full 1):
 PSYoungGen      total 642560K, used 20672K [0x00000007d6d00000, 0x0000000800000000, 0x0000000800000000)
  eden space 611840K, 0% used [0x00000007d6d00000,0x00000007d6d00000,0x00000007fc280000)
  from space 30720K, 67% used [0x00000007fc280000,0x00000007fd6b0000,0x00000007fe080000)
  to   space 30720K, 0% used [0x00000007fe200000,0x00000007fe200000,0x0000000800000000)
 ParOldGen       total 89088K, used 76654K [0x0000000784800000, 0x0000000789f00000, 0x00000007d6d00000)
  object space 89088K, 86% used [0x0000000784800000,0x00000007892dbb08,0x0000000789f00000)
 PSPermGen       total 21504K, used 3278K [0x000000077a200000, 0x000000077b700000, 0x0000000784800000)
  object space 21504K, 15% used [0x000000077a200000,0x000000077a5339f0,0x000000077b700000)
}
Event: 555,480 GC heap before
{Heap before GC invocations=129 (full 1):
 PSYoungGen      total 642560K, used 632512K [0x00000007d6d00000, 0x0000000800000000, 0x0000000800000000)
  eden space 611840K, 100% used [0x00000007d6d00000,0x00000007fc280000,0x00000007fc280000)
  from space 30720K, 67% used [0x00000007fc280000,0x00000007fd6b0000,0x00000007fe080000)
  to   space 30720K, 0% used [0x00000007fe200000,0x00000007fe200000,0x0000000800000000)
 ParOldGen       total 89088K, used 76654K [0x0000000784800000, 0x0000000789f00000, 0x00000007d6d00000)
  object space 89088K, 86% used [0x0000000784800000,0x00000007892dbb08,0x0000000789f00000)
 PSPermGen       total 21504K, used 3278K [0x000000077a200000, 0x000000077b700000, 0x0000000784800000)
  object space 21504K, 15% used [0x000000077a200000,0x000000077a5339f0,0x000000077b700000)
Event: 558,570 GC heap after
Heap after GC invocations=129 (full 1):
 PSYoungGen      total 644096K, used 19872K [0x00000007d6d00000, 0x0000000800000000, 0x0000000800000000)
  eden space 613376K, 0% used [0x00000007d6d00000,0x00000007d6d00000,0x00000007fc400000)
  from space 30720K, 64% used [0x00000007fe200000,0x00000007ff568000,0x0000000800000000)
  to   space 30720K, 0% used [0x00000007fc400000,0x00000007fc400000,0x00000007fe200000)
 ParOldGen       total 89088K, used 76654K [0x0000000784800000, 0x0000000789f00000, 0x00000007d6d00000)
  object space 89088K, 86% used [0x0000000784800000,0x00000007892dbb08,0x0000000789f00000)
 PSPermGen       total 21504K, used 3278K [0x000000077a200000, 0x000000077b700000, 0x0000000784800000)
  object space 21504K, 15% used [0x000000077a200000,0x000000077a5339f0,0x000000077b700000)
}
Event: 567,120 GC heap before
{Heap before GC invocations=130 (full 1):
 PSYoungGen      total 644096K, used 633248K [0x00000007d6d00000, 0x0000000800000000, 0x0000000800000000)
  eden space 613376K, 100% used [0x00000007d6d00000,0x00000007fc400000,0x00000007fc400000)
  from space 30720K, 64% used [0x00000007fe200000,0x00000007ff568000,0x0000000800000000)
  to   space 30720K, 0% used [0x00000007fc400000,0x00000007fc400000,0x00000007fe200000)
 ParOldGen       total 89088K, used 76654K [0x0000000784800000, 0x0000000789f00000, 0x00000007d6d00000)
  object space 89088K, 86% used [0x0000000784800000,0x00000007892dbb08,0x0000000789f00000)
 PSPermGen       total 21504K, used 3278K [0x000000077a200000, 0x000000077b700000, 0x0000000784800000)
  object space 21504K, 15% used [0x000000077a200000,0x000000077a5339f0,0x000000077b700000)
Event: 568,967 GC heap after
Heap after GC invocations=130 (full 1):
 PSYoungGen      total 644096K, used 19072K [0x00000007d6d00000, 0x0000000800000000, 0x0000000800000000)
  eden space 613376K, 0% used [0x00000007d6d00000,0x00000007d6d00000,0x00000007fc400000)
  from space 30720K, 62% used [0x00000007fc400000,0x00000007fd6a0000,0x00000007fe200000)
  to   space 30720K, 0% used [0x00000007fe200000,0x00000007fe200000,0x0000000800000000)
 ParOldGen       total 89088K, used 76654K [0x0000000784800000, 0x0000000789f00000, 0x00000007d6d00000)
  object space 89088K, 86% used [0x0000000784800000,0x00000007892dbb08,0x0000000789f00000)
 PSPermGen       total 21504K, used 3278K [0x000000077a200000, 0x000000077b700000, 0x0000000784800000)
  object space 21504K, 15% used [0x000000077a200000,0x000000077a5339f0,0x000000077b700000)
}
Event: 576,951 GC heap before
{Heap before GC invocations=131 (full 1):
 PSYoungGen      total 644096K, used 632448K [0x00000007d6d00000, 0x0000000800000000, 0x0000000800000000)
  eden space 613376K, 100% used [0x00000007d6d00000,0x00000007fc400000,0x00000007fc400000)
  from space 30720K, 62% used [0x00000007fc400000,0x00000007fd6a0000,0x00000007fe200000)
  to   space 30720K, 0% used [0x00000007fe200000,0x00000007fe200000,0x0000000800000000)
 ParOldGen       total 89088K, used 76654K [0x0000000784800000, 0x0000000789f00000, 0x00000007d6d00000)
  object space 89088K, 86% used [0x0000000784800000,0x00000007892dbb08,0x0000000789f00000)
 PSPermGen       total 21504K, used 3278K [0x000000077a200000, 0x000000077b700000, 0x0000000784800000)
  object space 21504K, 15% used [0x000000077a200000,0x000000077a5339f0,0x000000077b700000)
Event: 579,576 GC heap after
Heap after GC invocations=131 (full 1):
 PSYoungGen      total 636928K, used 30720K [0x00000007d6d00000, 0x0000000800000000, 0x0000000800000000)
  eden space 606208K, 0% used [0x00000007d6d00000,0x00000007d6d00000,0x00000007fbd00000)
  from space 30720K, 100% used [0x00000007fe200000,0x0000000800000000,0x0000000800000000)
  to   space 34304K, 0% used [0x00000007fbd00000,0x00000007fbd00000,0x00000007fde80000)
 ParOldGen       total 89088K, used 81246K [0x0000000784800000, 0x0000000789f00000, 0x00000007d6d00000)
  object space 89088K, 91% used [0x0000000784800000,0x0000000789757b08,0x0000000789f00000)
 PSPermGen       total 21504K, used 3278K [0x000000077a200000, 0x000000077b700000, 0x0000000784800000)
  object space 21504K, 15% used [0x000000077a200000,0x000000077a5339f0,0x000000077b700000)
}
Event: 580,971 GC heap before
{Heap before GC invocations=132 (full 2):
 PSYoungGen      total 636928K, used 30720K [0x00000007d6d00000, 0x0000000800000000, 0x0000000800000000)
  eden space 606208K, 0% used [0x00000007d6d00000,0x00000007d6d00000,0x00000007fbd00000)
  from space 30720K, 100% used [0x00000007fe200000,0x0000000800000000,0x0000000800000000)
  to   space 34304K, 0% used [0x00000007fbd00000,0x00000007fbd00000,0x00000007fde80000)
 ParOldGen       total 89088K, used 81246K [0x0000000784800000, 0x0000000789f00000, 0x00000007d6d00000)
  object space 89088K, 91% used [0x0000000784800000,0x0000000789757b08,0x0000000789f00000)
 PSPermGen       total 21504K, used 3278K [0x000000077a200000, 0x000000077b700000, 0x0000000784800000)
  object space 21504K, 15% used [0x000000077a200000,0x000000077a5339f0,0x000000077b700000)

